==================== 2026-04-01T18:57:58.547658Z | 7c18144a-bf7d-489a-aeb9-8efe992bd36d ====================
18:57:58.548393 [info ]: Starting dbt LSP server
18:57:58.548430 [info ]: Connecting to LSP client on port 8000
18:57:58.548855 [info ]: Successfully connected to LSP client
18:57:58.548873 [info ]: Creating LSP service...
18:57:58.596860 [info ]: Creating LSP server...
18:57:58.596889 [info ]: Starting LSP server...
18:57:58.711789 [info ]: Started loading project
18:57:58.711949 [info ]: Finished loading project [  0.00s]
18:58:01.337786 [info ]: Started loading project
18:58:01.339303 [info ]: Finished loading project [  0.00s]
19:50:20.487639 [info ]: Started loading project
19:50:20.488121 [info ]: Finished loading project [  0.00s]
19:50:22.172009 [info ]: Started loading project
19:50:22.172828 [info ]: Finished loading project [  0.00s]
==================== 2026-04-02T14:01:32.512878Z | f80dc07c-ea63-4d82-9ac0-f36e8d5f4368 ====================
14:01:32.514396 [info ]: Starting dbt LSP server
14:01:32.514438 [info ]: Connecting to LSP client on port 8000
14:01:32.515358 [info ]: Successfully connected to LSP client
14:01:32.515375 [info ]: Creating LSP service...
14:01:32.578189 [info ]: Creating LSP server...
14:01:32.578223 [info ]: Starting LSP server...
14:01:32.758322 [info ]: Started loading project
14:01:32.758593 [info ]: Finished loading project [  0.00s]
